2024-11-21T19:15:19.803+08:00  INFO 11645 --- [lesson1] [restartedMain] c.pace.app.lesson1.Lesson1Application    : Starting Lesson1Application using Java 21.0.5 with PID 11645 (/home/liewchooichin/Public/pace/lesson1/target/classes started by liewchooichin in /home/liewchooichin/Public/pace/lesson1)
2024-11-21T19:15:19.853+08:00  INFO 11645 --- [lesson1] [restartedMain] c.pace.app.lesson1.Lesson1Application    : No active profile set, falling back to 1 default profile: "default"
2024-11-21T19:15:19.907+08:00  INFO 11645 --- [lesson1] [restartedMain] .e.DevToolsPropertyDefaultsPostProcessor : Devtools property defaults active! Set 'spring.devtools.add-properties' to 'false' to disable
2024-11-21T19:15:19.908+08:00  INFO 11645 --- [lesson1] [restartedMain] .e.DevToolsPropertyDefaultsPostProcessor : For additional web related logging consider setting the 'logging.level.web' property to 'DEBUG'
2024-11-21T19:15:20.737+08:00  INFO 11645 --- [lesson1] [restartedMain] o.s.b.w.embedded.tomcat.TomcatWebServer  : Tomcat initialized with port 8080 (http)
2024-11-21T19:15:20.759+08:00  INFO 11645 --- [lesson1] [restartedMain] o.apache.catalina.core.StandardService   : Starting service [Tomcat]
2024-11-21T19:15:20.759+08:00  INFO 11645 --- [lesson1] [restartedMain] o.apache.catalina.core.StandardEngine    : Starting Servlet engine: [Apache Tomcat/10.1.31]
2024-11-21T19:15:20.788+08:00  INFO 11645 --- [lesson1] [restartedMain] o.a.c.c.C.[Tomcat].[localhost].[/]       : Initializing Spring embedded WebApplicationContext
2024-11-21T19:15:20.789+08:00  INFO 11645 --- [lesson1] [restartedMain] w.s.c.ServletWebServerApplicationContext : Root WebApplicationContext: initialization completed in 881 ms
2024-11-21T19:15:20.895+08:00  INFO 11645 --- [lesson1] [restartedMain] o.s.b.a.w.s.WelcomePageHandlerMapping    : Adding welcome page: class path resource [static/index.html]
2024-11-21T19:15:21.175+08:00  INFO 11645 --- [lesson1] [restartedMain] o.s.b.d.a.OptionalLiveReloadServer       : LiveReload server is running on port 35729
2024-11-21T19:15:21.220+08:00  INFO 11645 --- [lesson1] [restartedMain] o.s.b.w.embedded.tomcat.TomcatWebServer  : Tomcat started on port 8080 (http) with context path '/'
2024-11-21T19:15:21.236+08:00  INFO 11645 --- [lesson1] [restartedMain] c.pace.app.lesson1.Lesson1Application    : Started Lesson1Application in 1.885 seconds (process running for 2.394)
2024-11-21T19:15:43.303+08:00  INFO 11645 --- [lesson1] [http-nio-8080-exec-1] o.a.c.c.C.[Tomcat].[localhost].[/]       : Initializing Spring DispatcherServlet 'dispatcherServlet'
2024-11-21T19:15:43.304+08:00  INFO 11645 --- [lesson1] [http-nio-8080-exec-1] o.s.web.servlet.DispatcherServlet        : Initializing Servlet 'dispatcherServlet'
2024-11-21T19:15:43.305+08:00  INFO 11645 --- [lesson1] [http-nio-8080-exec-1] o.s.web.servlet.DispatcherServlet        : Completed initialization in 1 ms
2024-11-21T19:18:22.715+08:00  INFO 11645 --- [lesson1] [File Watcher] rtingClassPathChangeChangedEventListener : Restarting due to 1 class path change (0 additions, 0 deletions, 1 modification)
2024-11-21T19:18:22.870+08:00  INFO 11645 --- [lesson1] [restartedMain] c.pace.app.lesson1.Lesson1Application    : Starting Lesson1Application using Java 21.0.5 with PID 11645 (/home/liewchooichin/Public/pace/lesson1/target/classes started by liewchooichin in /home/liewchooichin/Public/pace/lesson1)
2024-11-21T19:18:22.871+08:00  INFO 11645 --- [lesson1] [restartedMain] c.pace.app.lesson1.Lesson1Application    : No active profile set, falling back to 1 default profile: "default"
2024-11-21T19:18:23.044+08:00  INFO 11645 --- [lesson1] [restartedMain] o.s.b.w.embedded.tomcat.TomcatWebServer  : Tomcat initialized with port 8080 (http)
2024-11-21T19:18:23.045+08:00  INFO 11645 --- [lesson1] [restartedMain] o.apache.catalina.core.StandardService   : Starting service [Tomcat]
2024-11-21T19:18:23.045+08:00  INFO 11645 --- [lesson1] [restartedMain] o.apache.catalina.core.StandardEngine    : Starting Servlet engine: [Apache Tomcat/10.1.31]
2024-11-21T19:18:23.050+08:00  INFO 11645 --- [lesson1] [restartedMain] o.a.c.c.C.[Tomcat].[localhost].[/]       : Initializing Spring embedded WebApplicationContext
2024-11-21T19:18:23.051+08:00  INFO 11645 --- [lesson1] [restartedMain] w.s.c.ServletWebServerApplicationContext : Root WebApplicationContext: initialization completed in 177 ms
2024-11-21T19:18:23.057+08:00  WARN 11645 --- [lesson1] [restartedMain] ConfigServletWebServerApplicationContext : Exception encountered during context initialization - cancelling refresh attempt: org.springframework.beans.factory.BeanCreationException: Error creating bean with name 'homeController': Lookup method resolution failed
2024-11-21T19:18:23.058+08:00  INFO 11645 --- [lesson1] [restartedMain] o.apache.catalina.core.StandardService   : Stopping service [Tomcat]
2024-11-21T19:18:23.063+08:00  INFO 11645 --- [lesson1] [restartedMain] .s.b.a.l.ConditionEvaluationReportLogger : 

Error starting ApplicationContext. To display the condition evaluation report re-run your application with 'debug' enabled.
2024-11-21T19:18:23.076+08:00 ERROR 11645 --- [lesson1] [restartedMain] o.s.boot.SpringApplication               : Application run failed

org.springframework.beans.factory.BeanCreationException: Error creating bean with name 'homeController': Lookup method resolution failed
	at org.springframework.beans.factory.annotation.AutowiredAnnotationBeanPostProcessor.checkLookupMethods(AutowiredAnnotationBeanPostProcessor.java:498) ~[spring-beans-6.1.14.jar:6.1.14]
	at org.springframework.beans.factory.annotation.AutowiredAnnotationBeanPostProcessor.determineCandidateConstructors(AutowiredAnnotationBeanPostProcessor.java:368) ~[spring-beans-6.1.14.jar:6.1.14]
	at org.springframework.beans.factory.support.AbstractAutowireCapableBeanFactory.determineConstructorsFromBeanPostProcessors(AbstractAutowireCapableBeanFactory.java:1314) ~[spring-beans-6.1.14.jar:6.1.14]
	at org.springframework.beans.factory.support.AbstractAutowireCapableBeanFactory.createBeanInstance(AbstractAutowireCapableBeanFactory.java:1209) ~[spring-beans-6.1.14.jar:6.1.14]
	at org.springframework.beans.factory.support.AbstractAutowireCapableBeanFactory.doCreateBean(AbstractAutowireCapableBeanFactory.java:562) ~[spring-beans-6.1.14.jar:6.1.14]
	at org.springframework.beans.factory.support.AbstractAutowireCapableBeanFactory.createBean(AbstractAutowireCapableBeanFactory.java:522) ~[spring-beans-6.1.14.jar:6.1.14]
	at org.springframework.beans.factory.support.AbstractBeanFactory.lambda$doGetBean$0(AbstractBeanFactory.java:337) ~[spring-beans-6.1.14.jar:6.1.14]
	at org.springframework.beans.factory.support.DefaultSingletonBeanRegistry.getSingleton(DefaultSingletonBeanRegistry.java:234) ~[spring-beans-6.1.14.jar:6.1.14]
	at org.springframework.beans.factory.support.AbstractBeanFactory.doGetBean(AbstractBeanFactory.java:335) ~[spring-beans-6.1.14.jar:6.1.14]
	at org.springframework.beans.factory.support.AbstractBeanFactory.getBean(AbstractBeanFactory.java:200) ~[spring-beans-6.1.14.jar:6.1.14]
	at org.springframework.beans.factory.support.DefaultListableBeanFactory.preInstantiateSingletons(DefaultListableBeanFactory.java:975) ~[spring-beans-6.1.14.jar:6.1.14]
	at org.springframework.context.support.AbstractApplicationContext.finishBeanFactoryInitialization(AbstractApplicationContext.java:971) ~[spring-context-6.1.14.jar:6.1.14]
	at org.springframework.context.support.AbstractApplicationContext.refresh(AbstractApplicationContext.java:625) ~[spring-context-6.1.14.jar:6.1.14]
	at org.springframework.boot.web.servlet.context.ServletWebServerApplicationContext.refresh(ServletWebServerApplicationContext.java:146) ~[spring-boot-3.3.5.jar:3.3.5]
	at org.springframework.boot.SpringApplication.refresh(SpringApplication.java:754) ~[spring-boot-3.3.5.jar:3.3.5]
	at org.springframework.boot.SpringApplication.refreshContext(SpringApplication.java:456) ~[spring-boot-3.3.5.jar:3.3.5]
	at org.springframework.boot.SpringApplication.run(SpringApplication.java:335) ~[spring-boot-3.3.5.jar:3.3.5]
	at org.springframework.boot.SpringApplication.run(SpringApplication.java:1363) ~[spring-boot-3.3.5.jar:3.3.5]
	at org.springframework.boot.SpringApplication.run(SpringApplication.java:1352) ~[spring-boot-3.3.5.jar:3.3.5]
	at com.pace.app.lesson1.Lesson1Application.main(Lesson1Application.java:18) ~[classes/:na]
	at java.base/jdk.internal.reflect.DirectMethodHandleAccessor.invoke(DirectMethodHandleAccessor.java:103) ~[na:na]
	at java.base/java.lang.reflect.Method.invoke(Method.java:580) ~[na:na]
	at org.springframework.boot.devtools.restart.RestartLauncher.run(RestartLauncher.java:50) ~[spring-boot-devtools-3.3.5.jar:3.3.5]
Caused by: java.lang.IllegalStateException: Failed to introspect Class [com.pace.app.lesson1.HomeController] from ClassLoader [org.springframework.boot.devtools.restart.classloader.RestartClassLoader@4782a38f]
	at org.springframework.util.ReflectionUtils.getDeclaredMethods(ReflectionUtils.java:483) ~[spring-core-6.1.14.jar:6.1.14]
	at org.springframework.util.ReflectionUtils.doWithLocalMethods(ReflectionUtils.java:320) ~[spring-core-6.1.14.jar:6.1.14]
	at org.springframework.beans.factory.annotation.AutowiredAnnotationBeanPostProcessor.checkLookupMethods(AutowiredAnnotationBeanPostProcessor.java:476) ~[spring-beans-6.1.14.jar:6.1.14]
	... 22 common frames omitted
Caused by: java.lang.NoClassDefFoundError: Model
	at java.base/java.lang.Class.getDeclaredMethods0(Native Method) ~[na:na]
	at java.base/java.lang.Class.privateGetDeclaredMethods(Class.java:3578) ~[na:na]
	at java.base/java.lang.Class.getDeclaredMethods(Class.java:2676) ~[na:na]
	at org.springframework.util.ReflectionUtils.getDeclaredMethods(ReflectionUtils.java:465) ~[spring-core-6.1.14.jar:6.1.14]
	... 24 common frames omitted
Caused by: java.lang.ClassNotFoundException: Model
	at java.base/jdk.internal.loader.BuiltinClassLoader.loadClass(BuiltinClassLoader.java:641) ~[na:na]
	at java.base/jdk.internal.loader.ClassLoaders$AppClassLoader.loadClass(ClassLoaders.java:188) ~[na:na]
	at java.base/java.lang.ClassLoader.loadClass(ClassLoader.java:526) ~[na:na]
	at java.base/java.lang.Class.forName0(Native Method) ~[na:na]
	at java.base/java.lang.Class.forName(Class.java:534) ~[na:na]
	at java.base/java.lang.Class.forName(Class.java:513) ~[na:na]
	at org.springframework.boot.devtools.restart.classloader.RestartClassLoader.loadClass(RestartClassLoader.java:121) ~[spring-boot-devtools-3.3.5.jar:3.3.5]
	at java.base/java.lang.ClassLoader.loadClass(ClassLoader.java:526) ~[na:na]
	... 28 common frames omitted

2024-11-21T19:19:13.555+08:00  INFO 11645 --- [lesson1] [restartedMain] c.pace.app.lesson1.Lesson1Application    : Starting Lesson1Application using Java 21.0.5 with PID 11645 (/home/liewchooichin/Public/pace/lesson1/target/classes started by liewchooichin in /home/liewchooichin/Public/pace/lesson1)
2024-11-21T19:19:13.557+08:00  INFO 11645 --- [lesson1] [restartedMain] c.pace.app.lesson1.Lesson1Application    : No active profile set, falling back to 1 default profile: "default"
2024-11-21T19:19:13.716+08:00  INFO 11645 --- [lesson1] [restartedMain] o.s.b.w.embedded.tomcat.TomcatWebServer  : Tomcat initialized with port 8080 (http)
2024-11-21T19:19:13.717+08:00  INFO 11645 --- [lesson1] [restartedMain] o.apache.catalina.core.StandardService   : Starting service [Tomcat]
2024-11-21T19:19:13.717+08:00  INFO 11645 --- [lesson1] [restartedMain] o.apache.catalina.core.StandardEngine    : Starting Servlet engine: [Apache Tomcat/10.1.31]
2024-11-21T19:19:13.723+08:00  INFO 11645 --- [lesson1] [restartedMain] o.a.c.c.C.[Tomcat-1].[localhost].[/]     : Initializing Spring embedded WebApplicationContext
2024-11-21T19:19:13.723+08:00  INFO 11645 --- [lesson1] [restartedMain] w.s.c.ServletWebServerApplicationContext : Root WebApplicationContext: initialization completed in 163 ms
2024-11-21T19:19:13.756+08:00  INFO 11645 --- [lesson1] [restartedMain] o.s.b.a.w.s.WelcomePageHandlerMapping    : Adding welcome page: class path resource [static/index.html]
2024-11-21T19:19:13.817+08:00  INFO 11645 --- [lesson1] [restartedMain] o.s.b.d.a.OptionalLiveReloadServer       : LiveReload server is running on port 35729
2024-11-21T19:19:13.824+08:00  INFO 11645 --- [lesson1] [restartedMain] o.s.b.w.embedded.tomcat.TomcatWebServer  : Tomcat started on port 8080 (http) with context path '/'
2024-11-21T19:19:13.828+08:00  INFO 11645 --- [lesson1] [restartedMain] c.pace.app.lesson1.Lesson1Application    : Started Lesson1Application in 0.298 seconds (process running for 234.986)
2024-11-21T19:19:13.830+08:00  INFO 11645 --- [lesson1] [restartedMain] .ConditionEvaluationDeltaLoggingListener : Condition evaluation unchanged
2024-11-21T19:21:15.720+08:00  INFO 11645 --- [lesson1] [File Watcher] rtingClassPathChangeChangedEventListener : Restarting due to 1 class path change (0 additions, 0 deletions, 1 modification)
2024-11-21T19:21:15.810+08:00  INFO 11645 --- [lesson1] [restartedMain] c.pace.app.lesson1.Lesson1Application    : Starting Lesson1Application using Java 21.0.5 with PID 11645 (/home/liewchooichin/Public/pace/lesson1/target/classes started by liewchooichin in /home/liewchooichin/Public/pace/lesson1)
2024-11-21T19:21:15.810+08:00  INFO 11645 --- [lesson1] [restartedMain] c.pace.app.lesson1.Lesson1Application    : No active profile set, falling back to 1 default profile: "default"
2024-11-21T19:21:15.969+08:00  INFO 11645 --- [lesson1] [restartedMain] o.s.b.w.embedded.tomcat.TomcatWebServer  : Tomcat initialized with port 8080 (http)
2024-11-21T19:21:15.970+08:00  INFO 11645 --- [lesson1] [restartedMain] o.apache.catalina.core.StandardService   : Starting service [Tomcat]
2024-11-21T19:21:15.971+08:00  INFO 11645 --- [lesson1] [restartedMain] o.apache.catalina.core.StandardEngine    : Starting Servlet engine: [Apache Tomcat/10.1.31]
2024-11-21T19:21:15.975+08:00  INFO 11645 --- [lesson1] [restartedMain] o.a.c.c.C.[Tomcat-1].[localhost].[/]     : Initializing Spring embedded WebApplicationContext
2024-11-21T19:21:15.976+08:00  INFO 11645 --- [lesson1] [restartedMain] w.s.c.ServletWebServerApplicationContext : Root WebApplicationContext: initialization completed in 162 ms
2024-11-21T19:21:16.004+08:00  INFO 11645 --- [lesson1] [restartedMain] o.s.b.a.w.s.WelcomePageHandlerMapping    : Adding welcome page: class path resource [static/index.html]
2024-11-21T19:21:16.058+08:00  INFO 11645 --- [lesson1] [restartedMain] o.s.b.d.a.OptionalLiveReloadServer       : LiveReload server is running on port 35729
2024-11-21T19:21:16.070+08:00  INFO 11645 --- [lesson1] [restartedMain] o.s.b.w.embedded.tomcat.TomcatWebServer  : Tomcat started on port 8080 (http) with context path '/'
2024-11-21T19:21:16.074+08:00  INFO 11645 --- [lesson1] [restartedMain] c.pace.app.lesson1.Lesson1Application    : Started Lesson1Application in 0.294 seconds (process running for 357.232)
2024-11-21T19:21:16.075+08:00  INFO 11645 --- [lesson1] [restartedMain] .ConditionEvaluationDeltaLoggingListener : Condition evaluation unchanged
2024-11-21T19:21:17.692+08:00  INFO 11645 --- [lesson1] [http-nio-8080-exec-1] o.a.c.c.C.[Tomcat-1].[localhost].[/]     : Initializing Spring DispatcherServlet 'dispatcherServlet'
2024-11-21T19:21:17.693+08:00  INFO 11645 --- [lesson1] [http-nio-8080-exec-1] o.s.web.servlet.DispatcherServlet        : Initializing Servlet 'dispatcherServlet'
2024-11-21T19:21:17.694+08:00  INFO 11645 --- [lesson1] [http-nio-8080-exec-1] o.s.web.servlet.DispatcherServlet        : Completed initialization in 1 ms
2024-11-21T19:21:41.895+08:00  INFO 13928 --- [lesson1] [restartedMain] c.pace.app.lesson1.Lesson1Application    : Starting Lesson1Application using Java 21.0.5 with PID 13928 (/home/liewchooichin/Public/pace/lesson1/target/classes started by liewchooichin in /home/liewchooichin/Public/pace/lesson1)
2024-11-21T19:21:41.898+08:00  INFO 13928 --- [lesson1] [restartedMain] c.pace.app.lesson1.Lesson1Application    : No active profile set, falling back to 1 default profile: "default"
2024-11-21T19:21:41.945+08:00  INFO 13928 --- [lesson1] [restartedMain] .e.DevToolsPropertyDefaultsPostProcessor : Devtools property defaults active! Set 'spring.devtools.add-properties' to 'false' to disable
2024-11-21T19:21:41.945+08:00  INFO 13928 --- [lesson1] [restartedMain] .e.DevToolsPropertyDefaultsPostProcessor : For additional web related logging consider setting the 'logging.level.web' property to 'DEBUG'
2024-11-21T19:21:42.666+08:00  INFO 13928 --- [lesson1] [restartedMain] o.s.b.w.embedded.tomcat.TomcatWebServer  : Tomcat initialized with port 8080 (http)
2024-11-21T19:21:42.678+08:00  INFO 13928 --- [lesson1] [restartedMain] o.apache.catalina.core.StandardService   : Starting service [Tomcat]
2024-11-21T19:21:42.678+08:00  INFO 13928 --- [lesson1] [restartedMain] o.apache.catalina.core.StandardEngine    : Starting Servlet engine: [Apache Tomcat/10.1.31]
2024-11-21T19:21:42.710+08:00  INFO 13928 --- [lesson1] [restartedMain] o.a.c.c.C.[Tomcat].[localhost].[/]       : Initializing Spring embedded WebApplicationContext
2024-11-21T19:21:42.711+08:00  INFO 13928 --- [lesson1] [restartedMain] w.s.c.ServletWebServerApplicationContext : Root WebApplicationContext: initialization completed in 764 ms
2024-11-21T19:21:42.813+08:00  INFO 13928 --- [lesson1] [restartedMain] o.s.b.a.w.s.WelcomePageHandlerMapping    : Adding welcome page: class path resource [static/index.html]
2024-11-21T19:21:43.023+08:00  INFO 13928 --- [lesson1] [restartedMain] o.s.b.d.a.OptionalLiveReloadServer       : LiveReload server is running on port 35729
2024-11-21T19:21:43.043+08:00  INFO 13928 --- [lesson1] [restartedMain] o.s.b.w.embedded.tomcat.TomcatWebServer  : Tomcat started on port 8080 (http) with context path '/'
2024-11-21T19:21:43.052+08:00  INFO 13928 --- [lesson1] [restartedMain] c.pace.app.lesson1.Lesson1Application    : Started Lesson1Application in 1.493 seconds (process running for 1.904)
2024-11-21T19:22:06.454+08:00  INFO 13928 --- [lesson1] [File Watcher] rtingClassPathChangeChangedEventListener : Restarting due to 1 class path change (0 additions, 0 deletions, 1 modification)
2024-11-21T19:22:06.541+08:00  INFO 13928 --- [lesson1] [restartedMain] c.pace.app.lesson1.Lesson1Application    : Starting Lesson1Application using Java 21.0.5 with PID 13928 (/home/liewchooichin/Public/pace/lesson1/target/classes started by liewchooichin in /home/liewchooichin/Public/pace/lesson1)
2024-11-21T19:22:06.541+08:00  INFO 13928 --- [lesson1] [restartedMain] c.pace.app.lesson1.Lesson1Application    : No active profile set, falling back to 1 default profile: "default"
2024-11-21T19:22:06.735+08:00  INFO 13928 --- [lesson1] [restartedMain] o.s.b.w.embedded.tomcat.TomcatWebServer  : Tomcat initialized with port 8080 (http)
2024-11-21T19:22:06.736+08:00  INFO 13928 --- [lesson1] [restartedMain] o.apache.catalina.core.StandardService   : Starting service [Tomcat]
2024-11-21T19:22:06.737+08:00  INFO 13928 --- [lesson1] [restartedMain] o.apache.catalina.core.StandardEngine    : Starting Servlet engine: [Apache Tomcat/10.1.31]
2024-11-21T19:22:06.743+08:00  INFO 13928 --- [lesson1] [restartedMain] o.a.c.c.C.[Tomcat].[localhost].[/]       : Initializing Spring embedded WebApplicationContext
2024-11-21T19:22:06.743+08:00  INFO 13928 --- [lesson1] [restartedMain] w.s.c.ServletWebServerApplicationContext : Root WebApplicationContext: initialization completed in 200 ms
2024-11-21T19:22:06.774+08:00  INFO 13928 --- [lesson1] [restartedMain] o.s.b.a.w.s.WelcomePageHandlerMapping    : Adding welcome page: class path resource [static/index.html]
2024-11-21T19:22:06.836+08:00  INFO 13928 --- [lesson1] [restartedMain] o.s.b.d.a.OptionalLiveReloadServer       : LiveReload server is running on port 35729
2024-11-21T19:22:06.843+08:00  INFO 13928 --- [lesson1] [restartedMain] o.s.b.w.embedded.tomcat.TomcatWebServer  : Tomcat started on port 8080 (http) with context path '/'
2024-11-21T19:22:06.847+08:00  INFO 13928 --- [lesson1] [restartedMain] c.pace.app.lesson1.Lesson1Application    : Started Lesson1Application in 0.332 seconds (process running for 25.699)
2024-11-21T19:22:06.850+08:00  INFO 13928 --- [lesson1] [restartedMain] .ConditionEvaluationDeltaLoggingListener : Condition evaluation unchanged
2024-11-21T19:22:13.204+08:00  INFO 13928 --- [lesson1] [http-nio-8080-exec-1] o.a.c.c.C.[Tomcat].[localhost].[/]       : Initializing Spring DispatcherServlet 'dispatcherServlet'
2024-11-21T19:22:13.205+08:00  INFO 13928 --- [lesson1] [http-nio-8080-exec-1] o.s.web.servlet.DispatcherServlet        : Initializing Servlet 'dispatcherServlet'
2024-11-21T19:22:13.206+08:00  INFO 13928 --- [lesson1] [http-nio-8080-exec-1] o.s.web.servlet.DispatcherServlet        : Completed initialization in 1 ms
2024-11-21T19:23:08.506+08:00  INFO 13928 --- [lesson1] [File Watcher] rtingClassPathChangeChangedEventListener : Restarting due to 10 class path changes (1 addition, 1 deletion, 8 modifications)
2024-11-21T19:23:08.597+08:00  INFO 13928 --- [lesson1] [restartedMain] c.pace.app.lesson1.Lesson1Application    : Starting Lesson1Application using Java 21.0.5 with PID 13928 (/home/liewchooichin/Public/pace/lesson1/target/classes started by liewchooichin in /home/liewchooichin/Public/pace/lesson1)
2024-11-21T19:23:08.598+08:00  INFO 13928 --- [lesson1] [restartedMain] c.pace.app.lesson1.Lesson1Application    : No active profile set, falling back to 1 default profile: "default"
2024-11-21T19:23:08.737+08:00  INFO 13928 --- [lesson1] [restartedMain] o.s.b.w.embedded.tomcat.TomcatWebServer  : Tomcat initialized with port 8080 (http)
2024-11-21T19:23:08.738+08:00  INFO 13928 --- [lesson1] [restartedMain] o.apache.catalina.core.StandardService   : Starting service [Tomcat]
2024-11-21T19:23:08.738+08:00  INFO 13928 --- [lesson1] [restartedMain] o.apache.catalina.core.StandardEngine    : Starting Servlet engine: [Apache Tomcat/10.1.31]
2024-11-21T19:23:08.743+08:00  INFO 13928 --- [lesson1] [restartedMain] o.a.c.c.C.[Tomcat].[localhost].[/]       : Initializing Spring embedded WebApplicationContext
2024-11-21T19:23:08.744+08:00  INFO 13928 --- [lesson1] [restartedMain] w.s.c.ServletWebServerApplicationContext : Root WebApplicationContext: initialization completed in 143 ms
2024-11-21T19:23:08.772+08:00  INFO 13928 --- [lesson1] [restartedMain] o.s.b.a.w.s.WelcomePageHandlerMapping    : Adding welcome page: class path resource [static/index.html]
2024-11-21T19:23:08.828+08:00  INFO 13928 --- [lesson1] [restartedMain] o.s.b.d.a.OptionalLiveReloadServer       : LiveReload server is running on port 35729
2024-11-21T19:23:08.835+08:00  INFO 13928 --- [lesson1] [restartedMain] o.s.b.w.embedded.tomcat.TomcatWebServer  : Tomcat started on port 8080 (http) with context path '/'
2024-11-21T19:23:08.839+08:00  INFO 13928 --- [lesson1] [restartedMain] c.pace.app.lesson1.Lesson1Application    : Started Lesson1Application in 0.264 seconds (process running for 87.691)
2024-11-21T19:23:08.840+08:00  INFO 13928 --- [lesson1] [restartedMain] .ConditionEvaluationDeltaLoggingListener : Condition evaluation unchanged
2024-11-21T19:23:15.234+08:00  INFO 13928 --- [lesson1] [File Watcher] rtingClassPathChangeChangedEventListener : Restarting due to 10 class path changes (1 addition, 1 deletion, 8 modifications)
2024-11-21T19:23:15.324+08:00  INFO 13928 --- [lesson1] [restartedMain] c.pace.app.lesson1.Lesson1Application    : Starting Lesson1Application using Java 21.0.5 with PID 13928 (/home/liewchooichin/Public/pace/lesson1/target/classes started by liewchooichin in /home/liewchooichin/Public/pace/lesson1)
2024-11-21T19:23:15.324+08:00  INFO 13928 --- [lesson1] [restartedMain] c.pace.app.lesson1.Lesson1Application    : No active profile set, falling back to 1 default profile: "default"
2024-11-21T19:23:15.456+08:00  INFO 13928 --- [lesson1] [restartedMain] o.s.b.w.embedded.tomcat.TomcatWebServer  : Tomcat initialized with port 8080 (http)
2024-11-21T19:23:15.457+08:00  INFO 13928 --- [lesson1] [restartedMain] o.apache.catalina.core.StandardService   : Starting service [Tomcat]
2024-11-21T19:23:15.458+08:00  INFO 13928 --- [lesson1] [restartedMain] o.apache.catalina.core.StandardEngine    : Starting Servlet engine: [Apache Tomcat/10.1.31]
2024-11-21T19:23:15.463+08:00  INFO 13928 --- [lesson1] [restartedMain] o.a.c.c.C.[Tomcat].[localhost].[/]       : Initializing Spring embedded WebApplicationContext
2024-11-21T19:23:15.463+08:00  INFO 13928 --- [lesson1] [restartedMain] w.s.c.ServletWebServerApplicationContext : Root WebApplicationContext: initialization completed in 137 ms
2024-11-21T19:23:15.489+08:00  INFO 13928 --- [lesson1] [restartedMain] o.s.b.a.w.s.WelcomePageHandlerMapping    : Adding welcome page: class path resource [static/index.html]
2024-11-21T19:23:15.536+08:00  INFO 13928 --- [lesson1] [restartedMain] o.s.b.d.a.OptionalLiveReloadServer       : LiveReload server is running on port 35729
2024-11-21T19:23:15.545+08:00  INFO 13928 --- [lesson1] [restartedMain] o.s.b.w.embedded.tomcat.TomcatWebServer  : Tomcat started on port 8080 (http) with context path '/'
2024-11-21T19:23:15.548+08:00  INFO 13928 --- [lesson1] [restartedMain] c.pace.app.lesson1.Lesson1Application    : Started Lesson1Application in 0.245 seconds (process running for 94.401)
2024-11-21T19:23:15.549+08:00  INFO 13928 --- [lesson1] [restartedMain] .ConditionEvaluationDeltaLoggingListener : Condition evaluation unchanged
2024-11-21T19:23:23.946+08:00  INFO 13928 --- [lesson1] [File Watcher] rtingClassPathChangeChangedEventListener : Restarting due to 1 class path change (0 additions, 0 deletions, 1 modification)
2024-11-21T19:23:24.010+08:00  INFO 13928 --- [lesson1] [restartedMain] c.pace.app.lesson1.Lesson1Application    : Starting Lesson1Application using Java 21.0.5 with PID 13928 (/home/liewchooichin/Public/pace/lesson1/target/classes started by liewchooichin in /home/liewchooichin/Public/pace/lesson1)
2024-11-21T19:23:24.011+08:00  INFO 13928 --- [lesson1] [restartedMain] c.pace.app.lesson1.Lesson1Application    : No active profile set, falling back to 1 default profile: "default"
2024-11-21T19:23:24.150+08:00  INFO 13928 --- [lesson1] [restartedMain] o.s.b.w.embedded.tomcat.TomcatWebServer  : Tomcat initialized with port 8080 (http)
2024-11-21T19:23:24.151+08:00  INFO 13928 --- [lesson1] [restartedMain] o.apache.catalina.core.StandardService   : Starting service [Tomcat]
2024-11-21T19:23:24.151+08:00  INFO 13928 --- [lesson1] [restartedMain] o.apache.catalina.core.StandardEngine    : Starting Servlet engine: [Apache Tomcat/10.1.31]
2024-11-21T19:23:24.156+08:00  INFO 13928 --- [lesson1] [restartedMain] o.a.c.c.C.[Tomcat].[localhost].[/]       : Initializing Spring embedded WebApplicationContext
2024-11-21T19:23:24.156+08:00  INFO 13928 --- [lesson1] [restartedMain] w.s.c.ServletWebServerApplicationContext : Root WebApplicationContext: initialization completed in 144 ms
2024-11-21T19:23:24.178+08:00  INFO 13928 --- [lesson1] [restartedMain] o.s.b.a.w.s.WelcomePageHandlerMapping    : Adding welcome page: class path resource [static/index.html]
2024-11-21T19:23:24.222+08:00  INFO 13928 --- [lesson1] [restartedMain] o.s.b.d.a.OptionalLiveReloadServer       : LiveReload server is running on port 35729
2024-11-21T19:23:24.231+08:00  INFO 13928 --- [lesson1] [restartedMain] o.s.b.w.embedded.tomcat.TomcatWebServer  : Tomcat started on port 8080 (http) with context path '/'
2024-11-21T19:23:24.235+08:00  INFO 13928 --- [lesson1] [restartedMain] c.pace.app.lesson1.Lesson1Application    : Started Lesson1Application in 0.245 seconds (process running for 103.087)
2024-11-21T19:23:24.237+08:00  INFO 13928 --- [lesson1] [restartedMain] .ConditionEvaluationDeltaLoggingListener : Condition evaluation unchanged
